

Microchip MPLAB XC8 Assembler V2.31 build 20201012212115 
                                                                                               Sat May 01 11:49:05 2021

Microchip MPLAB XC8 C Compiler v2.31 (Free license) build 20201012212115 Og1 
     1                           	processor	16F887
     2                           	pagewidth 120
     3                           	opt	flic
     4                           	psect	cinit,global,class=CODE,merge=1,delta=2
     5                           	psect	cstackCOMMON,global,class=COMMON,space=1,delta=1,noexec
     6                           	psect	maintext,global,class=CODE,split=1,delta=2
     7                           	psect	text1,local,class=CODE,merge=1,delta=2
     8                           	psect	text2,local,class=CODE,merge=1,delta=2
     9                           	psect	intentry,global,class=CODE,delta=2
    10                           	psect	config,global,abs,ovrld,class=CONFIG,space=4,delta=2,noexec
    11                           	dabs	1,0x7E,2
    12  0000                     
    13                           ; Version 2.20
    14                           ; Generated 12/02/2020 GMT
    15                           ; 
    16                           ; Copyright © 2020, Microchip Technology Inc. and its subsidiaries ("Microchip")
    17                           ; All rights reserved.
    18                           ; 
    19                           ; This software is developed by Microchip Technology Inc. and its subsidiaries ("Microch
      +                          ip").
    20                           ; 
    21                           ; Redistribution and use in source and binary forms, with or without modification, are
    22                           ; permitted provided that the following conditions are met:
    23                           ; 
    24                           ;     1. Redistributions of source code must retain the above copyright notice, this lis
      +                          t of
    25                           ;        conditions and the following disclaimer.
    26                           ; 
    27                           ;     2. Redistributions in binary form must reproduce the above copyright notice, this 
      +                          list
    28                           ;        of conditions and the following disclaimer in the documentation and/or other
    29                           ;        materials provided with the distribution.
    30                           ; 
    31                           ;     3. Microchip's name may not be used to endorse or promote products derived from th
      +                          is
    32                           ;        software without specific prior written permission.
    33                           ; 
    34                           ; THIS SOFTWARE IS PROVIDED BY MICROCHIP "AS IS" AND ANY EXPRESS OR IMPLIED WARRANTIES,
    35                           ; INCLUDING, BUT NOT LIMITED TO, THE IMPLIED WARRANTIES OF MERCHANTABILITY AND FITNESS F
      +                          OR
    36                           ; PURPOSE ARE DISCLAIMED.  IN NO EVENT SHALL MICROCHIP BE LIABLE FOR ANY DIRECT, INDIREC
      +                          T,
    37                           ; INCIDENTAL, SPECIAL, EXEMPLARY, OR CONSEQUENTIAL DAMAGES (INCLUDING BUT NOT LIMITED TO
    38                           ; PROCUREMENT OF SUBSTITUTE GOODS OR SERVICES; LOSS OF USE, DATA OR PROFITS; OR BUSINESS
    39                           ; INTERRUPTION) HOWSOEVER CAUSED AND ON ANY THEORY OF LIABILITY, WHETHER IN CONTRACT, ST
      +                          RICT
    40                           ; LIABILITY, OR TORT (INCLUDING NEGLIGENCE OR OTHERWISE) ARISING IN ANY WAY OUT OF THE U
      +                          SE OF
    41                           ; THIS SOFTWARE, EVEN IF ADVISED OF THE POSSIBILITY OF SUCH DAMAGE.
    42                           ; 
    43                           ; 
    44                           ; Code-generator required, PIC16F887 Definitions
    45                           ; 
    46                           ; SFR Addresses
    47  0000                     	;# 
    48  0001                     	;# 
    49  0002                     	;# 
    50  0003                     	;# 
    51  0004                     	;# 
    52  0005                     	;# 
    53  0006                     	;# 
    54  0007                     	;# 
    55  0008                     	;# 
    56  0009                     	;# 
    57  000A                     	;# 
    58  000B                     	;# 
    59  000C                     	;# 
    60  000D                     	;# 
    61  000E                     	;# 
    62  000E                     	;# 
    63  000F                     	;# 
    64  0010                     	;# 
    65  0011                     	;# 
    66  0012                     	;# 
    67  0013                     	;# 
    68  0014                     	;# 
    69  0015                     	;# 
    70  0015                     	;# 
    71  0016                     	;# 
    72  0017                     	;# 
    73  0018                     	;# 
    74  0019                     	;# 
    75  001A                     	;# 
    76  001B                     	;# 
    77  001B                     	;# 
    78  001C                     	;# 
    79  001D                     	;# 
    80  001E                     	;# 
    81  001F                     	;# 
    82  0081                     	;# 
    83  0085                     	;# 
    84  0086                     	;# 
    85  0087                     	;# 
    86  0088                     	;# 
    87  0089                     	;# 
    88  008C                     	;# 
    89  008D                     	;# 
    90  008E                     	;# 
    91  008F                     	;# 
    92  0090                     	;# 
    93  0091                     	;# 
    94  0092                     	;# 
    95  0093                     	;# 
    96  0093                     	;# 
    97  0093                     	;# 
    98  0094                     	;# 
    99  0095                     	;# 
   100  0096                     	;# 
   101  0097                     	;# 
   102  0098                     	;# 
   103  0099                     	;# 
   104  009A                     	;# 
   105  009B                     	;# 
   106  009C                     	;# 
   107  009D                     	;# 
   108  009E                     	;# 
   109  009F                     	;# 
   110  0105                     	;# 
   111  0107                     	;# 
   112  0108                     	;# 
   113  0109                     	;# 
   114  010C                     	;# 
   115  010C                     	;# 
   116  010D                     	;# 
   117  010E                     	;# 
   118  010F                     	;# 
   119  0185                     	;# 
   120  0187                     	;# 
   121  0188                     	;# 
   122  0189                     	;# 
   123  018C                     	;# 
   124  018D                     	;# 
   125  0000                     	;# 
   126  0001                     	;# 
   127  0002                     	;# 
   128  0003                     	;# 
   129  0004                     	;# 
   130  0005                     	;# 
   131  0006                     	;# 
   132  0007                     	;# 
   133  0008                     	;# 
   134  0009                     	;# 
   135  000A                     	;# 
   136  000B                     	;# 
   137  000C                     	;# 
   138  000D                     	;# 
   139  000E                     	;# 
   140  000E                     	;# 
   141  000F                     	;# 
   142  0010                     	;# 
   143  0011                     	;# 
   144  0012                     	;# 
   145  0013                     	;# 
   146  0014                     	;# 
   147  0015                     	;# 
   148  0015                     	;# 
   149  0016                     	;# 
   150  0017                     	;# 
   151  0018                     	;# 
   152  0019                     	;# 
   153  001A                     	;# 
   154  001B                     	;# 
   155  001B                     	;# 
   156  001C                     	;# 
   157  001D                     	;# 
   158  001E                     	;# 
   159  001F                     	;# 
   160  0081                     	;# 
   161  0085                     	;# 
   162  0086                     	;# 
   163  0087                     	;# 
   164  0088                     	;# 
   165  0089                     	;# 
   166  008C                     	;# 
   167  008D                     	;# 
   168  008E                     	;# 
   169  008F                     	;# 
   170  0090                     	;# 
   171  0091                     	;# 
   172  0092                     	;# 
   173  0093                     	;# 
   174  0093                     	;# 
   175  0093                     	;# 
   176  0094                     	;# 
   177  0095                     	;# 
   178  0096                     	;# 
   179  0097                     	;# 
   180  0098                     	;# 
   181  0099                     	;# 
   182  009A                     	;# 
   183  009B                     	;# 
   184  009C                     	;# 
   185  009D                     	;# 
   186  009E                     	;# 
   187  009F                     	;# 
   188  0105                     	;# 
   189  0107                     	;# 
   190  0108                     	;# 
   191  0109                     	;# 
   192  010C                     	;# 
   193  010C                     	;# 
   194  010D                     	;# 
   195  010E                     	;# 
   196  010F                     	;# 
   197  0185                     	;# 
   198  0187                     	;# 
   199  0188                     	;# 
   200  0189                     	;# 
   201  018C                     	;# 
   202  018D                     	;# 
   203  000B                     _INTCONbits	set	11
   204  0012                     _T2CONbits	set	18
   205  001B                     _CCPR2L	set	27
   206  001D                     _CCP2CON	set	29
   207  0017                     _CCP1CONbits	set	23
   208  0008                     _PORTD	set	8
   209  0007                     _PORTC	set	7
   210  0008                     _PORTDbits	set	8
   211  001E                     _ADRESH	set	30
   212  0015                     _CCPR1L	set	21
   213  001F                     _ADCON0bits	set	31
   214  000C                     _PIR1bits	set	12
   215  008C                     _PIE1bits	set	140
   216  0092                     _PR2	set	146
   217  0088                     _TRISDbits	set	136
   218  0087                     _TRISCbits	set	135
   219  009F                     _ADCON1bits	set	159
   220  008F                     _OSCCONbits	set	143
   221  0088                     _TRISD	set	136
   222  0087                     _TRISC	set	135
   223  0085                     _TRISA	set	133
   224  0189                     _ANSELH	set	393
   225  0188                     _ANSEL	set	392
   226                           
   227                           	psect	cinit
   228  000F                     start_initialization:	
   229                           ; #config settings
   230                           
   231  000F                     __initialization:
   232  000F                     end_of_initialization:	
   233                           ;End of C runtime variable initialization code
   234                           
   235  000F                     __end_of__initialization:
   236  000F  0183               	clrf	3
   237  0010  120A  118A  2866   	ljmp	_main	;jump to C main() function
   238                           
   239                           	psect	cstackCOMMON
   240  0070                     __pcstackCOMMON:
   241  0070                     ?_setup:
   242  0070                     ?_isr:	
   243                           ; 1 bytes @ 0x0
   244                           
   245  0070                     ??_isr:	
   246                           ; 1 bytes @ 0x0
   247                           
   248  0070                     ?_main:	
   249                           ; 1 bytes @ 0x0
   250                           
   251                           
   252                           ; 1 bytes @ 0x0
   253  0070                     	ds	3
   254  0073                     ??_setup:
   255                           
   256                           ; 1 bytes @ 0x3
   257  0073                     	ds	1
   258  0074                     ??_main:
   259                           
   260                           ; 1 bytes @ 0x4
   261  0074                     	ds	1
   262                           
   263                           	psect	maintext
   264  0066                     __pmaintext:	
   265 ;;
   266 ;;Main: autosize = 0, tempsize = 1, incstack = 0, save=0
   267 ;;
   268 ;; *************** function _main *****************
   269 ;; Defined at:
   270 ;;		line 77 in file "main_lab9.c"
   271 ;; Parameters:    Size  Location     Type
   272 ;;		None
   273 ;; Auto vars:     Size  Location     Type
   274 ;;		None
   275 ;; Return value:  Size  Location     Type
   276 ;;                  1    wreg      void 
   277 ;; Registers used:
   278 ;;		wreg, status,2, status,0, pclath, cstack
   279 ;; Tracked objects:
   280 ;;		On entry : B00/0
   281 ;;		On exit  : 0/0
   282 ;;		Unchanged: 0/0
   283 ;; Data sizes:     COMMON   BANK0   BANK1   BANK3   BANK2
   284 ;;      Params:         0       0       0       0       0
   285 ;;      Locals:         0       0       0       0       0
   286 ;;      Temps:          1       0       0       0       0
   287 ;;      Totals:         1       0       0       0       0
   288 ;;Total ram usage:        1 bytes
   289 ;; Hardware stack levels required when called:    2
   290 ;; This function calls:
   291 ;;		_setup
   292 ;; This function is called by:
   293 ;;		Startup code after reset
   294 ;; This function uses a non-reentrant model
   295 ;;
   296                           
   297                           
   298                           ;psect for function _main
   299  0066                     _main:
   300  0066                     l727:	
   301                           ;incstack = 0
   302                           ; Regs used in _main: [wreg+status,2+status,0+pclath+cstack]
   303                           
   304                           
   305                           ;main_lab9.c: 79:     setup();
   306  0066  120A  118A  2013  120A  118A  	fcall	_setup
   307  006B                     l729:
   308                           
   309                           ;main_lab9.c: 83:     {;main_lab9.c: 84:         if (ADCON0bits.GO ==0)
   310  006B  1283               	bcf	3,5	;RP0=0, select bank0
   311  006C  1303               	bcf	3,6	;RP1=0, select bank0
   312  006D  189F               	btfsc	31,1	;volatile
   313  006E  2870               	goto	u41
   314  006F  2871               	goto	u40
   315  0070                     u41:
   316  0070  286B               	goto	l729
   317  0071                     u40:
   318  0071                     l731:
   319                           
   320                           ;main_lab9.c: 85:         {;main_lab9.c: 86:             if (ADCON0bits.CHS==0)
   321  0071  0C1F               	rrf	31,w	;volatile
   322  0072  00F4               	movwf	??_main
   323  0073  0C74               	rrf	??_main,w
   324  0074  390F               	andlw	15
   325  0075  3A00               	xorlw	0
   326  0076  1D03               	skipz
   327  0077  2879               	goto	u51
   328  0078  287A               	goto	u50
   329  0079                     u51:
   330  0079  2887               	goto	l739
   331  007A                     u50:
   332  007A                     l733:
   333                           
   334                           ;main_lab9.c: 87:             {;main_lab9.c: 88:                 ADCON0bits.CHS=1;
   335  007A  081F               	movf	31,w	;volatile
   336  007B  39C3               	andlw	-61
   337  007C  3804               	iorlw	4
   338  007D  009F               	movwf	31	;volatile
   339  007E                     l735:
   340                           
   341                           ;main_lab9.c: 89:                 _delay((unsigned long)((100)*(8000000/4000000.0)));
   342  007E  3042               	movlw	66
   343  007F  00F4               	movwf	??_main
   344  0080                     u67:
   345  0080  0BF4               	decfsz	??_main,f
   346  0081  2880               	goto	u67
   347  0082  0000               	nop
   348  0083                     l737:
   349                           
   350                           ;main_lab9.c: 90:                 ADCON0bits.GO = 1;
   351  0083  1283               	bcf	3,5	;RP0=0, select bank0
   352  0084  1303               	bcf	3,6	;RP1=0, select bank0
   353  0085  149F               	bsf	31,1	;volatile
   354                           
   355                           ;main_lab9.c: 91:             }
   356  0086  286B               	goto	l729
   357  0087                     l739:
   358                           
   359                           ;main_lab9.c: 93:             {;main_lab9.c: 94:                 ADCON0bits.CHS=0;
   360  0087  30C3               	movlw	-61
   361  0088  059F               	andwf	31,f	;volatile
   362  0089                     l741:
   363                           
   364                           ;main_lab9.c: 95:                 _delay((unsigned long)((100)*(8000000/4000000.0)));
   365  0089  3042               	movlw	66
   366  008A  00F4               	movwf	??_main
   367  008B                     u77:
   368  008B  0BF4               	decfsz	??_main,f
   369  008C  288B               	goto	u77
   370  008D  0000               	nop
   371  008E                     l743:
   372                           
   373                           ;main_lab9.c: 96:                 ADCON0bits.GO = 1;
   374  008E  1283               	bcf	3,5	;RP0=0, select bank0
   375  008F  1303               	bcf	3,6	;RP1=0, select bank0
   376  0090  149F               	bsf	31,1	;volatile
   377  0091  286B               	goto	l729
   378  0092  120A  118A  280C   	ljmp	start
   379  0095                     __end_of_main:
   380                           
   381                           	psect	text1
   382  0013                     __ptext1:	
   383 ;; *************** function _setup *****************
   384 ;; Defined at:
   385 ;;		line 106 in file "main_lab9.c"
   386 ;; Parameters:    Size  Location     Type
   387 ;;		None
   388 ;; Auto vars:     Size  Location     Type
   389 ;;		None
   390 ;; Return value:  Size  Location     Type
   391 ;;                  1    wreg      void 
   392 ;; Registers used:
   393 ;;		wreg, status,2, status,0
   394 ;; Tracked objects:
   395 ;;		On entry : 0/0
   396 ;;		On exit  : 0/0
   397 ;;		Unchanged: 0/0
   398 ;; Data sizes:     COMMON   BANK0   BANK1   BANK3   BANK2
   399 ;;      Params:         0       0       0       0       0
   400 ;;      Locals:         0       0       0       0       0
   401 ;;      Temps:          1       0       0       0       0
   402 ;;      Totals:         1       0       0       0       0
   403 ;;Total ram usage:        1 bytes
   404 ;; Hardware stack levels used:    1
   405 ;; Hardware stack levels required when called:    1
   406 ;; This function calls:
   407 ;;		Nothing
   408 ;; This function is called by:
   409 ;;		_main
   410 ;; This function uses a non-reentrant model
   411 ;;
   412                           
   413                           
   414                           ;psect for function _setup
   415  0013                     _setup:
   416  0013                     l667:	
   417                           ;incstack = 0
   418                           ; Regs used in _setup: [wreg+status,2+status,0]
   419                           
   420                           
   421                           ;main_lab9.c: 109:     ANSEL = 0b00000011;
   422  0013  3003               	movlw	3
   423  0014  1683               	bsf	3,5	;RP0=1, select bank3
   424  0015  1703               	bsf	3,6	;RP1=1, select bank3
   425  0016  0088               	movwf	8	;volatile
   426  0017                     l669:
   427                           
   428                           ;main_lab9.c: 110:     ANSELH = 0;
   429  0017  0189               	clrf	9	;volatile
   430  0018                     l671:
   431                           
   432                           ;main_lab9.c: 113:     TRISA = 0xFF;
   433  0018  30FF               	movlw	255
   434  0019  1683               	bsf	3,5	;RP0=1, select bank1
   435  001A  1303               	bcf	3,6	;RP1=0, select bank1
   436  001B  0085               	movwf	5	;volatile
   437                           
   438                           ;main_lab9.c: 114:     TRISC= 0;
   439  001C  0187               	clrf	7	;volatile
   440                           
   441                           ;main_lab9.c: 115:     TRISD= 0;
   442  001D  0188               	clrf	8	;volatile
   443                           
   444                           ;main_lab9.c: 116:     PORTC=0;
   445  001E  1283               	bcf	3,5	;RP0=0, select bank0
   446  001F  1303               	bcf	3,6	;RP1=0, select bank0
   447  0020  0187               	clrf	7	;volatile
   448                           
   449                           ;main_lab9.c: 117:     PORTD=0;
   450  0021  0188               	clrf	8	;volatile
   451  0022                     l673:
   452                           
   453                           ;main_lab9.c: 120:     OSCCONbits.IRCF2=1;
   454  0022  1683               	bsf	3,5	;RP0=1, select bank1
   455  0023  1303               	bcf	3,6	;RP1=0, select bank1
   456  0024  170F               	bsf	15,6	;volatile
   457  0025                     l675:
   458                           
   459                           ;main_lab9.c: 121:     OSCCONbits.IRCF1=1;
   460  0025  168F               	bsf	15,5	;volatile
   461  0026                     l677:
   462                           
   463                           ;main_lab9.c: 122:     OSCCONbits.IRCF0=1;
   464  0026  160F               	bsf	15,4	;volatile
   465  0027                     l679:
   466                           
   467                           ;main_lab9.c: 123:     OSCCONbits.SCS=1;
   468  0027  140F               	bsf	15,0	;volatile
   469  0028                     l681:
   470                           
   471                           ;main_lab9.c: 126:     ADCON1bits.ADFM = 0 ;
   472  0028  139F               	bcf	31,7	;volatile
   473  0029                     l683:
   474                           
   475                           ;main_lab9.c: 127:     ADCON1bits.VCFG0 = 0 ;
   476  0029  121F               	bcf	31,4	;volatile
   477  002A                     l685:
   478                           
   479                           ;main_lab9.c: 128:     ADCON1bits.VCFG1 = 0 ;
   480  002A  129F               	bcf	31,5	;volatile
   481  002B                     l687:
   482                           
   483                           ;main_lab9.c: 130:     ADCON0bits.ADCS = 0b10 ;
   484  002B  1283               	bcf	3,5	;RP0=0, select bank0
   485  002C  1303               	bcf	3,6	;RP1=0, select bank0
   486  002D  081F               	movf	31,w	;volatile
   487  002E  393F               	andlw	-193
   488  002F  3880               	iorlw	128
   489  0030  009F               	movwf	31	;volatile
   490  0031                     l689:
   491                           
   492                           ;main_lab9.c: 131:     ADCON0bits.CHS = 0;
   493  0031  30C3               	movlw	-61
   494  0032  059F               	andwf	31,f	;volatile
   495  0033                     l691:
   496                           
   497                           ;main_lab9.c: 132:     ADCON0bits.ADON = 1 ;
   498  0033  141F               	bsf	31,0	;volatile
   499  0034                     l693:
   500                           
   501                           ;main_lab9.c: 133:     _delay((unsigned long)((50)*(8000000/4000000.0)));
   502  0034  3021               	movlw	33
   503  0035  00F3               	movwf	??_setup
   504  0036                     u87:
   505  0036  0BF3               	decfsz	??_setup,f
   506  0037  2836               	goto	u87
   507  0038                     l695:
   508                           
   509                           ;main_lab9.c: 139:     TRISCbits.TRISC2=1;
   510  0038  1683               	bsf	3,5	;RP0=1, select bank1
   511  0039  1303               	bcf	3,6	;RP1=0, select bank1
   512  003A  1507               	bsf	7,2	;volatile
   513  003B                     l697:
   514                           
   515                           ;main_lab9.c: 140:     TRISDbits.TRISD5=1;
   516  003B  1688               	bsf	8,5	;volatile
   517  003C                     l699:
   518                           
   519                           ;main_lab9.c: 141:     PR2 = 249;
   520  003C  30F9               	movlw	249
   521  003D  0092               	movwf	18	;volatile
   522  003E                     l701:
   523                           
   524                           ;main_lab9.c: 144:     CCP1CONbits.P1M = 0b0;
   525  003E  303F               	movlw	-193
   526  003F  1283               	bcf	3,5	;RP0=0, select bank0
   527  0040  1303               	bcf	3,6	;RP1=0, select bank0
   528  0041  0597               	andwf	23,f	;volatile
   529  0042                     l703:
   530                           
   531                           ;main_lab9.c: 145:     CCP1CONbits.CCP1M = 0b1100;
   532  0042  0817               	movf	23,w	;volatile
   533  0043  39F0               	andlw	-16
   534  0044  380C               	iorlw	12
   535  0045  0097               	movwf	23	;volatile
   536  0046                     l705:
   537                           
   538                           ;main_lab9.c: 146:     CCPR1L = 0x0f ;
   539  0046  300F               	movlw	15
   540  0047  0095               	movwf	21	;volatile
   541  0048                     l707:
   542                           
   543                           ;main_lab9.c: 147:     CCP1CONbits.DC1B = 0;
   544  0048  30CF               	movlw	-49
   545  0049  0597               	andwf	23,f	;volatile
   546  004A                     l709:
   547                           
   548                           ;main_lab9.c: 150:     CCP2CON = 0x0C;
   549  004A  300C               	movlw	12
   550  004B  009D               	movwf	29	;volatile
   551  004C                     l711:
   552                           
   553                           ;main_lab9.c: 153:     CCPR2L = 100 ;
   554  004C  3064               	movlw	100
   555  004D  009B               	movwf	27	;volatile
   556  004E                     l713:
   557                           
   558                           ;main_lab9.c: 159:     PIR1bits.TMR2IF = 0;
   559  004E  108C               	bcf	12,1	;volatile
   560  004F                     l715:
   561                           
   562                           ;main_lab9.c: 160:     T2CONbits.T2CKPS = 0b11;
   563  004F  3003               	movlw	3
   564  0050  0492               	iorwf	18,f	;volatile
   565  0051                     l717:
   566                           
   567                           ;main_lab9.c: 161:     T2CONbits.TMR2ON = 1;
   568  0051  1512               	bsf	18,2	;volatile
   569  0052                     l72:	
   570                           ;main_lab9.c: 163:     while(PIR1bits.TMR2IF==0);
   571                           
   572  0052  1C8C               	btfss	12,1	;volatile
   573  0053  2855               	goto	u11
   574  0054  2856               	goto	u10
   575  0055                     u11:
   576  0055  2852               	goto	l72
   577  0056                     u10:
   578  0056                     l74:
   579                           
   580                           ;main_lab9.c: 164:     PIR1bits.TMR2IF=0;
   581  0056  108C               	bcf	12,1	;volatile
   582                           
   583                           ;main_lab9.c: 165:     TRISCbits.TRISC2 = 0;
   584  0057  1683               	bsf	3,5	;RP0=1, select bank1
   585  0058  1303               	bcf	3,6	;RP1=0, select bank1
   586  0059  1107               	bcf	7,2	;volatile
   587                           
   588                           ;main_lab9.c: 166:     TRISDbits.TRISD5= 0;
   589  005A  1288               	bcf	8,5	;volatile
   590                           
   591                           ;main_lab9.c: 168:     INTCONbits.GIE=1;
   592  005B  178B               	bsf	11,7	;volatile
   593                           
   594                           ;main_lab9.c: 169:     INTCONbits.PEIE=1 ;
   595  005C  170B               	bsf	11,6	;volatile
   596                           
   597                           ;main_lab9.c: 170:     INTCONbits.T0IE=1;
   598  005D  168B               	bsf	11,5	;volatile
   599                           
   600                           ;main_lab9.c: 171:     INTCONbits.TMR0IF=0;
   601  005E  110B               	bcf	11,2	;volatile
   602                           
   603                           ;main_lab9.c: 172:     INTCONbits.TMR0IE=1;
   604  005F  168B               	bsf	11,5	;volatile
   605                           
   606                           ;main_lab9.c: 173:     INTCONbits.RBIF=0;
   607  0060  100B               	bcf	11,0	;volatile
   608                           
   609                           ;main_lab9.c: 176:     PIE1bits.ADIE = 1 ;
   610  0061  170C               	bsf	12,6	;volatile
   611                           
   612                           ;main_lab9.c: 177:     PIR1bits.ADIF = 0;
   613  0062  1283               	bcf	3,5	;RP0=0, select bank0
   614  0063  1303               	bcf	3,6	;RP1=0, select bank0
   615  0064  130C               	bcf	12,6	;volatile
   616  0065                     l75:	
   617                           ;main_lab9.c: 179:     return;
   618                           
   619  0065  0008               	return
   620  0066                     __end_of_setup:
   621                           
   622                           	psect	text2
   623  0095                     __ptext2:	
   624 ;; *************** function _isr *****************
   625 ;; Defined at:
   626 ;;		line 51 in file "main_lab9.c"
   627 ;; Parameters:    Size  Location     Type
   628 ;;		None
   629 ;; Auto vars:     Size  Location     Type
   630 ;;		None
   631 ;; Return value:  Size  Location     Type
   632 ;;                  1    wreg      void 
   633 ;; Registers used:
   634 ;;		wreg, status,2, status,0
   635 ;; Tracked objects:
   636 ;;		On entry : 0/0
   637 ;;		On exit  : 0/0
   638 ;;		Unchanged: 0/0
   639 ;; Data sizes:     COMMON   BANK0   BANK1   BANK3   BANK2
   640 ;;      Params:         0       0       0       0       0
   641 ;;      Locals:         0       0       0       0       0
   642 ;;      Temps:          3       0       0       0       0
   643 ;;      Totals:         3       0       0       0       0
   644 ;;Total ram usage:        3 bytes
   645 ;; Hardware stack levels used:    1
   646 ;; This function calls:
   647 ;;		Nothing
   648 ;; This function is called by:
   649 ;;		Interrupt level 1
   650 ;; This function uses a non-reentrant model
   651 ;;
   652                           
   653                           
   654                           ;psect for function _isr
   655  0095                     _isr:
   656  0095                     i1l719:
   657                           
   658                           ;main_lab9.c: 55:     if (PIR1bits.ADIF==1)
   659  0095  1283               	bcf	3,5	;RP0=0, select bank0
   660  0096  1303               	bcf	3,6	;RP1=0, select bank0
   661  0097  1F0C               	btfss	12,6	;volatile
   662  0098  289A               	goto	u2_21
   663  0099  289B               	goto	u2_20
   664  009A                     u2_21:
   665  009A  28AA               	goto	i1l58
   666  009B                     u2_20:
   667  009B                     i1l721:
   668                           
   669                           ;main_lab9.c: 56:     {;main_lab9.c: 57:         if (ADCON0bits.CHS==0)
   670  009B  0C1F               	rrf	31,w	;volatile
   671  009C  00F0               	movwf	??_isr
   672  009D  0C70               	rrf	??_isr,w
   673  009E  390F               	andlw	15
   674  009F  3A00               	xorlw	0
   675  00A0  1D03               	skipz
   676  00A1  28A3               	goto	u3_21
   677  00A2  28A4               	goto	u3_20
   678  00A3                     u3_21:
   679  00A3  28A8               	goto	i1l56
   680  00A4                     u3_20:
   681  00A4                     i1l723:
   682                           
   683                           ;main_lab9.c: 58:         {;main_lab9.c: 60:             CCPR1L = ADRESH;
   684  00A4  081E               	movf	30,w	;volatile
   685  00A5  0095               	movwf	21	;volatile
   686  00A6                     i1l725:
   687                           
   688                           ;main_lab9.c: 61:             PIR1bits.ADIF=0;
   689  00A6  130C               	bcf	12,6	;volatile
   690                           
   691                           ;main_lab9.c: 62:         }
   692  00A7  28A9               	goto	i1l57
   693  00A8                     i1l56:	
   694                           ;main_lab9.c: 63:         else
   695                           
   696                           
   697                           ;main_lab9.c: 66:             PORTDbits.RD0=1;
   698  00A8  1408               	bsf	8,0	;volatile
   699  00A9                     i1l57:
   700                           
   701                           ;main_lab9.c: 68:             PIR1bits.ADIF=0;
   702  00A9  130C               	bcf	12,6	;volatile
   703  00AA                     i1l58:
   704  00AA  0872               	movf	??_isr+2,w
   705  00AB  008A               	movwf	10
   706  00AC  0E71               	swapf	??_isr+1,w
   707  00AD  0083               	movwf	3
   708  00AE  0EFE               	swapf	btemp,f
   709  00AF  0E7E               	swapf	btemp,w
   710  00B0  0009               	retfie
   711  00B1                     __end_of_isr:
   712  007E                     btemp	set	126	;btemp
   713  007E                     wtemp0	set	126
   714                           
   715                           	psect	intentry
   716  0004                     __pintentry:	
   717                           ;incstack = 0
   718                           ; Regs used in _isr: [wreg+status,2+status,0]
   719                           
   720  0004                     interrupt_function:
   721  007E                     saved_w	set	btemp
   722  0004  00FE               	movwf	btemp
   723  0005  0E03               	swapf	3,w
   724  0006  00F1               	movwf	??_isr+1
   725  0007  080A               	movf	10,w
   726  0008  00F2               	movwf	??_isr+2
   727  0009  120A  118A  2895   	ljmp	_isr
   728                           
   729                           	psect	config
   730                           
   731                           ;Config register CONFIG1 @ 0x2007
   732                           ;	Oscillator Selection bits
   733                           ;	FOSC = INTRC_NOCLKOUT, INTOSCIO oscillator: I/O function on RA6/OSC2/CLKOUT pin, I/O f
      +                          unction on RA7/OSC1/CLKIN
   734                           ;	Watchdog Timer Enable bit
   735                           ;	WDTE = OFF, WDT disabled and can be enabled by SWDTEN bit of the WDTCON register
   736                           ;	Power-up Timer Enable bit
   737                           ;	PWRTE = OFF, PWRT disabled
   738                           ;	RE3/MCLR pin function select bit
   739                           ;	MCLRE = OFF, RE3/MCLR pin function is digital input, MCLR internally tied to VDD
   740                           ;	Code Protection bit
   741                           ;	CP = OFF, Program memory code protection is disabled
   742                           ;	Data Code Protection bit
   743                           ;	CPD = OFF, Data memory code protection is disabled
   744                           ;	Brown Out Reset Selection bits
   745                           ;	BOREN = OFF, BOR disabled
   746                           ;	Internal External Switchover bit
   747                           ;	IESO = OFF, Internal/External Switchover mode is disabled
   748                           ;	Fail-Safe Clock Monitor Enabled bit
   749                           ;	FCMEN = ON, Fail-Safe Clock Monitor is enabled
   750                           ;	Low Voltage Programming Enable bit
   751                           ;	LVP = ON, RB3/PGM pin has PGM function, low voltage programming enabled
   752                           ;	In-Circuit Debugger Mode bit
   753                           ;	DEBUG = 0x1, unprogrammed default
   754  2007                     	org	8199
   755  2007  38D4               	dw	14548
   756                           
   757                           ;Config register CONFIG2 @ 0x2008
   758                           ;	Brown-out Reset Selection bit
   759                           ;	BOR4V = BOR40V, Brown-out Reset set to 4.0V
   760                           ;	Flash Program Memory Self Write Enable bits
   761                           ;	WRT = OFF, Write protection off
   762  2008                     	org	8200
   763  2008  3FFF               	dw	16383

Data Sizes:
    Strings     0
    Constant    0
    Data        0
    BSS         0
    Persistent  0
    Stack       0

Auto Spaces:
    Space          Size  Autos    Used
    COMMON           14      5       5
    BANK0            80      0       0
    BANK1            80      0       0
    BANK3            96      0       0
    BANK2            96      0       0

Pointer List with Targets:

    None.

Critical Paths under _main in COMMON

    _main->_setup

Critical Paths under _isr in COMMON

    None.

Critical Paths under _main in BANK0

    None.

Critical Paths under _isr in BANK0

    None.

Critical Paths under _main in BANK1

    None.

Critical Paths under _isr in BANK1

    None.

Critical Paths under _main in BANK3

    None.

Critical Paths under _isr in BANK3

    None.

Critical Paths under _main in BANK2

    None.

Critical Paths under _isr in BANK2

    None.

Call Graph Tables:

 ---------------------------------------------------------------------------------
 (Depth) Function   	        Calls       Base Space   Used Autos Params    Refs
 ---------------------------------------------------------------------------------
 (0) _main                                                 1     1      0       0
                                              4 COMMON     1     1      0
                              _setup
 ---------------------------------------------------------------------------------
 (1) _setup                                                1     1      0       0
                                              3 COMMON     1     1      0
 ---------------------------------------------------------------------------------
 Estimated maximum stack depth 1
 ---------------------------------------------------------------------------------
 (Depth) Function   	        Calls       Base Space   Used Autos Params    Refs
 ---------------------------------------------------------------------------------
 (2) _isr                                                  3     3      0       0
                                              0 COMMON     3     3      0
 ---------------------------------------------------------------------------------
 Estimated maximum stack depth 2
 ---------------------------------------------------------------------------------

 Call Graph Graphs:

 _main (ROOT)
   _setup

 _isr (ROOT)

 Address spaces:
Name               Size   Autos  Total    Cost      Usage
BITCOMMON            E      0       0       0        0.0%
EEDATA             100      0       0       0        0.0%
NULL                 0      0       0       0        0.0%
CODE                 0      0       0       0        0.0%
COMMON               E      5       5       1       35.7%
BITSFR0              0      0       0       1        0.0%
SFR0                 0      0       0       1        0.0%
BITSFR1              0      0       0       2        0.0%
SFR1                 0      0       0       2        0.0%
STACK                0      0       0       2        0.0%
ABS                  0      0       0       3        0.0%
BITBANK0            50      0       0       4        0.0%
BITSFR3              0      0       0       4        0.0%
SFR3                 0      0       0       4        0.0%
BANK0               50      0       0       5        0.0%
BITSFR2              0      0       0       5        0.0%
SFR2                 0      0       0       5        0.0%
BITBANK1            50      0       0       6        0.0%
BANK1               50      0       0       7        0.0%
BITBANK3            60      0       0       8        0.0%
BANK3               60      0       0       9        0.0%
BITBANK2            60      0       0      10        0.0%
BANK2               60      0       0      11        0.0%
DATA                 0      0       0      12        0.0%


Microchip Technology PIC Macro Assembler V2.31 build 20201012212115 
Symbol Table                                                                                   Sat May 01 11:49:05 2021

                     l72 0052                       l74 0056                       l75 0065  
                     u10 0056                       u11 0055                       u40 0071  
                     u41 0070                       u50 007A                       u51 0079  
                     u67 0080                       u77 008B                       u87 0036  
                    l701 003E                      l711 004C                      l703 0042  
                    l713 004E                      l705 0046                      l715 004F  
                    l707 0048                      l731 0071                      l717 0051  
                    l709 004A                      l741 0089                      l733 007A  
                    l671 0018                      l743 008E                      l735 007E  
                    l727 0066                      l681 0028                      l673 0022  
                    l737 0083                      l729 006B                      l691 0033  
                    l683 0029                      l675 0025                      l667 0013  
                    l739 0087                      l693 0034                      l685 002A  
                    l677 0026                      l669 0017                      l695 0038  
                    l687 002B                      l679 0027                      l697 003B  
                    l689 0031                      l699 003C                      _PR2 0092  
                    _isr 0095                     ?_isr 0070                     i1l56 00A8  
                   i1l57 00A9                     i1l58 00AA                     u2_20 009B  
                   u2_21 009A                     u3_20 00A4                     u3_21 00A3  
                   _main 0066                     btemp 007E                     start 000C  
                  ??_isr 0070                    ?_main 0070                    _ANSEL 0188  
                  i1l721 009B                    i1l723 00A4                    i1l725 00A6  
                  i1l719 0095                    _PORTC 0007                    _PORTD 0008  
                  _TRISA 0085                    _TRISC 0087                    _TRISD 0088  
                  _setup 0013                    pclath 000A                    status 0003  
                  wtemp0 007E          __initialization 000F             __end_of_main 0095  
                 ??_main 0074                   _ADRESH 001E                   _CCPR1L 0015  
                 _CCPR2L 001B                   ?_setup 0070                   _ANSELH 0189  
                 saved_w 007E  __end_of__initialization 000F           __pcstackCOMMON 0070  
          __end_of_setup 0066                  ??_setup 0073               __pmaintext 0066  
             __pintentry 0004                  _CCP2CON 001D                  __ptext1 0013  
                __ptext2 0095                _T2CONbits 0012             __size_of_isr 001C  
   end_of_initialization 000F                _PORTDbits 0008                _TRISCbits 0087  
              _TRISDbits 0088              _CCP1CONbits 0017      start_initialization 000F  
            __end_of_isr 00B1                ___latbits 0002           __size_of_setup 0053  
      interrupt_function 0004                 _PIE1bits 008C                 _PIR1bits 000C  
             _ADCON0bits 001F               _ADCON1bits 009F            __size_of_main 002F  
             _INTCONbits 000B                 intlevel1 0000               _OSCCONbits 008F  
